<?xml version="1.0" encoding="UTF-8"?>
<testng-results skipped="0" failed="0" ignored="0" total="4" passed="4">
  <reporter-output>
  </reporter-output>
  <suite name="Default suite" duration-ms="5180" started-at="2020-09-25T15:52:56Z" finished-at="2020-09-25T15:53:01Z">
    <groups>
      <group name="cucumber">
        <method signature="AbstractTestNGCucumberTests.feature(cucumber.api.testng.CucumberFeatureWrapper)[pri:0, instance:CucumberRunner.TestRunner@5e82df6a]" name="feature" class="cucumber.api.testng.AbstractTestNGCucumberTests"/>
      </group> <!-- cucumber -->
    </groups>
    <test name="Default test" duration-ms="5180" started-at="2020-09-25T15:52:56Z" finished-at="2020-09-25T15:53:01Z">
      <class name="CucumberRunner.TestRunner">
        <test-method status="PASS" signature="setUpClass()[pri:0, instance:CucumberRunner.TestRunner@5e82df6a]" name="setUpClass" is-config="true" duration-ms="443" started-at="2020-09-25T21:22:56Z" finished-at="2020-09-25T21:22:56Z">
          <reporter-output>
          </reporter-output>
        </test-method> <!-- setUpClass -->
        <test-method status="PASS" signature="setup()[pri:0, instance:CucumberRunner.TestRunner@5e82df6a]" name="setup" is-config="true" duration-ms="285" started-at="2020-09-25T21:22:56Z" finished-at="2020-09-25T21:22:56Z">
          <reporter-output>
          </reporter-output>
        </test-method> <!-- setup -->
        <test-method status="PASS" signature="feature(cucumber.api.testng.CucumberFeatureWrapper)[pri:0, instance:CucumberRunner.TestRunner@5e82df6a]" name="feature" duration-ms="3683" started-at="2020-09-25T21:22:56Z" description="Runs Cucumber Feature" data-provider="features" finished-at="2020-09-25T21:23:00Z">
          <params>
            <param index="0">
              <value>
                <![CDATA[Validation of wiremock server delete call]]>
              </value>
            </param>
          </params>
          <reporter-output>
          </reporter-output>
        </test-method> <!-- feature -->
        <test-method status="PASS" signature="feature(cucumber.api.testng.CucumberFeatureWrapper)[pri:0, instance:CucumberRunner.TestRunner@5e82df6a]" name="feature" duration-ms="159" started-at="2020-09-25T21:23:00Z" description="Runs Cucumber Feature" data-provider="features" finished-at="2020-09-25T21:23:00Z">
          <params>
            <param index="0">
              <value>
                <![CDATA[Validation of wiremock server get call]]>
              </value>
            </param>
          </params>
          <reporter-output>
          </reporter-output>
        </test-method> <!-- feature -->
        <test-method status="PASS" signature="feature(cucumber.api.testng.CucumberFeatureWrapper)[pri:0, instance:CucumberRunner.TestRunner@5e82df6a]" name="feature" duration-ms="213" started-at="2020-09-25T21:23:00Z" description="Runs Cucumber Feature" data-provider="features" finished-at="2020-09-25T21:23:00Z">
          <params>
            <param index="0">
              <value>
                <![CDATA[Validation of wiremock server Post call]]>
              </value>
            </param>
          </params>
          <reporter-output>
          </reporter-output>
        </test-method> <!-- feature -->
        <test-method status="PASS" signature="feature(cucumber.api.testng.CucumberFeatureWrapper)[pri:0, instance:CucumberRunner.TestRunner@5e82df6a]" name="feature" duration-ms="148" started-at="2020-09-25T21:23:00Z" description="Runs Cucumber Feature" data-provider="features" finished-at="2020-09-25T21:23:01Z">
          <params>
            <param index="0">
              <value>
                <![CDATA[Validation of wiremock server put call]]>
              </value>
            </param>
          </params>
          <reporter-output>
          </reporter-output>
        </test-method> <!-- feature -->
        <test-method status="PASS" signature="tearDownClass()[pri:0, instance:CucumberRunner.TestRunner@5e82df6a]" name="tearDownClass" is-config="true" duration-ms="83" started-at="2020-09-25T21:23:01Z" finished-at="2020-09-25T21:23:01Z">
          <reporter-output>
          </reporter-output>
        </test-method> <!-- tearDownClass -->
      </class> <!-- CucumberRunner.TestRunner -->
    </test> <!-- Default test -->
  </suite> <!-- Default suite -->
</testng-results>
